[INFO ] 2021-04-17 09:12:20.675 [main] base - Before Method is started
[INFO ] 2021-04-17 09:12:20.680 [main] base - Executing on browser Chrome
[DEBUG] 2021-04-17 09:12:20.841 [main] InternalLoggerFactory - Using Log4J2 as the default logging framework
[DEBUG] 2021-04-17 09:12:20.849 [main] ResourceLeakDetector - -Dio.netty.leakDetection.level: simple
[DEBUG] 2021-04-17 09:12:20.849 [main] ResourceLeakDetector - -Dio.netty.leakDetection.targetRecords: 4
[DEBUG] 2021-04-17 09:12:20.856 [main] ResourceLeakDetectorFactory - Loaded default ResourceLeakDetector: io.netty.util.ResourceLeakDetector@43599640
[DEBUG] 2021-04-17 09:12:20.892 [main] PlatformDependent - Platform: Windows
[DEBUG] 2021-04-17 09:12:20.895 [main] PlatformDependent0 - -Dio.netty.noUnsafe: false
[DEBUG] 2021-04-17 09:12:20.896 [main] PlatformDependent0 - Java version: 8
[DEBUG] 2021-04-17 09:12:20.897 [main] PlatformDependent0 - sun.misc.Unsafe.theUnsafe: available
[DEBUG] 2021-04-17 09:12:20.898 [main] PlatformDependent0 - sun.misc.Unsafe.copyMemory: available
[DEBUG] 2021-04-17 09:12:20.899 [main] PlatformDependent0 - java.nio.Buffer.address: available
[DEBUG] 2021-04-17 09:12:20.900 [main] PlatformDependent0 - direct buffer constructor: available
[DEBUG] 2021-04-17 09:12:20.901 [main] PlatformDependent0 - java.nio.Bits.unaligned: available, true
[DEBUG] 2021-04-17 09:12:20.901 [main] PlatformDependent0 - jdk.internal.misc.Unsafe.allocateUninitializedArray(int): unavailable prior to Java9
[DEBUG] 2021-04-17 09:12:20.902 [main] PlatformDependent0 - java.nio.DirectByteBuffer.<init>(long, int): available
[DEBUG] 2021-04-17 09:12:20.902 [main] PlatformDependent - sun.misc.Unsafe: available
[DEBUG] 2021-04-17 09:12:20.903 [main] PlatformDependent - -Dio.netty.tmpdir: C:\Users\lenovo\AppData\Local\Temp (java.io.tmpdir)
[DEBUG] 2021-04-17 09:12:20.904 [main] PlatformDependent - -Dio.netty.bitMode: 64 (sun.arch.data.model)
[DEBUG] 2021-04-17 09:12:20.907 [main] PlatformDependent - -Dio.netty.maxDirectMemory: 2787115008 bytes
[DEBUG] 2021-04-17 09:12:20.908 [main] PlatformDependent - -Dio.netty.uninitializedArrayAllocationThreshold: -1
[DEBUG] 2021-04-17 09:12:20.911 [main] CleanerJava6 - java.nio.ByteBuffer.cleaner(): available
[DEBUG] 2021-04-17 09:12:20.912 [main] PlatformDependent - -Dio.netty.noPreferDirect: false
[DEBUG] 2021-04-17 09:12:20.927 [main] PlatformDependent - org.jctools-core.MpscChunkedArrayQueue: available
[DEBUG] 2021-04-17 09:12:21.012 [main] InternalThreadLocalMap - -Dio.netty.threadLocalMap.stringBuilder.initialSize: 1024
[DEBUG] 2021-04-17 09:12:21.013 [main] InternalThreadLocalMap - -Dio.netty.threadLocalMap.stringBuilder.maxSize: 4096
[DEBUG] 2021-04-17 09:12:22.014 [main] JdkSslContext - Default protocols (JDK): [TLSv1.2, TLSv1.1, TLSv1] 
[DEBUG] 2021-04-17 09:12:22.015 [main] JdkSslContext - Default cipher suites (JDK): [TLS_ECDHE_ECDSA_WITH_AES_256_GCM_SHA384, TLS_ECDHE_ECDSA_WITH_AES_128_GCM_SHA256, TLS_ECDHE_RSA_WITH_AES_128_GCM_SHA256, TLS_ECDHE_RSA_WITH_AES_256_GCM_SHA384, TLS_ECDHE_RSA_WITH_AES_128_CBC_SHA, TLS_ECDHE_RSA_WITH_AES_256_CBC_SHA, TLS_RSA_WITH_AES_128_GCM_SHA256, TLS_RSA_WITH_AES_128_CBC_SHA, TLS_RSA_WITH_AES_256_CBC_SHA, TLS_AES_128_GCM_SHA256, TLS_AES_256_GCM_SHA384]
[DEBUG] 2021-04-17 09:12:22.108 [main] MultithreadEventLoopGroup - -Dio.netty.eventLoopThreads: 8
[DEBUG] 2021-04-17 09:12:22.125 [main] NioEventLoop - -Dio.netty.noKeySetOptimization: false
[DEBUG] 2021-04-17 09:12:22.125 [main] NioEventLoop - -Dio.netty.selectorAutoRebuildThreshold: 512
[TRACE] 2021-04-17 09:12:22.144 [main] NioEventLoop - instrumented a special java.util.Set into: sun.nio.ch.WindowsSelectorImpl@2cc3ad05
[TRACE] 2021-04-17 09:12:22.146 [main] NioEventLoop - instrumented a special java.util.Set into: sun.nio.ch.WindowsSelectorImpl@3d9f6567
[TRACE] 2021-04-17 09:12:22.147 [main] NioEventLoop - instrumented a special java.util.Set into: sun.nio.ch.WindowsSelectorImpl@c055c54
[TRACE] 2021-04-17 09:12:22.148 [main] NioEventLoop - instrumented a special java.util.Set into: sun.nio.ch.WindowsSelectorImpl@25e2ab5a
[TRACE] 2021-04-17 09:12:22.149 [main] NioEventLoop - instrumented a special java.util.Set into: sun.nio.ch.WindowsSelectorImpl@35e5d0e5
[TRACE] 2021-04-17 09:12:22.151 [main] NioEventLoop - instrumented a special java.util.Set into: sun.nio.ch.WindowsSelectorImpl@73173f63
[TRACE] 2021-04-17 09:12:22.157 [main] NioEventLoop - instrumented a special java.util.Set into: sun.nio.ch.WindowsSelectorImpl@55562aa9
[TRACE] 2021-04-17 09:12:22.162 [main] NioEventLoop - instrumented a special java.util.Set into: sun.nio.ch.WindowsSelectorImpl@655ef322
[DEBUG] 2021-04-17 09:12:22.200 [main] PooledByteBufAllocator - -Dio.netty.allocator.numHeapArenas: 8
[DEBUG] 2021-04-17 09:12:22.203 [main] PooledByteBufAllocator - -Dio.netty.allocator.numDirectArenas: 8
[DEBUG] 2021-04-17 09:12:22.204 [main] PooledByteBufAllocator - -Dio.netty.allocator.pageSize: 8192
[DEBUG] 2021-04-17 09:12:22.204 [main] PooledByteBufAllocator - -Dio.netty.allocator.maxOrder: 11
[DEBUG] 2021-04-17 09:12:22.205 [main] PooledByteBufAllocator - -Dio.netty.allocator.chunkSize: 16777216
[DEBUG] 2021-04-17 09:12:22.206 [main] PooledByteBufAllocator - -Dio.netty.allocator.smallCacheSize: 256
[DEBUG] 2021-04-17 09:12:22.207 [main] PooledByteBufAllocator - -Dio.netty.allocator.normalCacheSize: 64
[DEBUG] 2021-04-17 09:12:22.211 [main] PooledByteBufAllocator - -Dio.netty.allocator.maxCachedBufferCapacity: 32768
[DEBUG] 2021-04-17 09:12:22.211 [main] PooledByteBufAllocator - -Dio.netty.allocator.cacheTrimInterval: 8192
[DEBUG] 2021-04-17 09:12:22.212 [main] PooledByteBufAllocator - -Dio.netty.allocator.cacheTrimIntervalMillis: 0
[DEBUG] 2021-04-17 09:12:22.212 [main] PooledByteBufAllocator - -Dio.netty.allocator.useCacheForAllThreads: true
[DEBUG] 2021-04-17 09:12:22.212 [main] PooledByteBufAllocator - -Dio.netty.allocator.maxCachedByteBuffersPerChunk: 1023
[DEBUG] 2021-04-17 09:12:22.232 [main] ByteBufUtil - -Dio.netty.allocator.type: pooled
[DEBUG] 2021-04-17 09:12:22.234 [main] ByteBufUtil - -Dio.netty.threadLocalDirectBufferSize: 0
[DEBUG] 2021-04-17 09:12:22.235 [main] ByteBufUtil - -Dio.netty.maxThreadLocalCharBufferSize: 16384
[DEBUG] 2021-04-17 09:12:23.342 [Forwarding newSession on session null to remote] DefaultChannelId - -Dio.netty.processId: 12900 (auto-detected)
[DEBUG] 2021-04-17 09:12:23.344 [Forwarding newSession on session null to remote] NetUtil - -Djava.net.preferIPv4Stack: false
[DEBUG] 2021-04-17 09:12:23.345 [Forwarding newSession on session null to remote] NetUtil - -Djava.net.preferIPv6Addresses: false
[DEBUG] 2021-04-17 09:12:23.717 [Forwarding newSession on session null to remote] NetUtilInitializations - Loopback interface: lo (Software Loopback Interface 1, 127.0.0.1)
[DEBUG] 2021-04-17 09:12:23.719 [Forwarding newSession on session null to remote] NetUtil - Failed to get SOMAXCONN from sysctl and file \proc\sys\net\core\somaxconn. Default: 200
[DEBUG] 2021-04-17 09:12:24.119 [Forwarding newSession on session null to remote] DefaultChannelId - -Dio.netty.machineId: 00:50:56:ff:fe:c0:00:08 (auto-detected)
[DEBUG] 2021-04-17 09:12:24.265 [AsyncHttpClient-1-2] AbstractByteBuf - -Dio.netty.buffer.checkAccessible: true
[DEBUG] 2021-04-17 09:12:24.269 [AsyncHttpClient-1-2] AbstractByteBuf - -Dio.netty.buffer.checkBounds: true
[DEBUG] 2021-04-17 09:12:24.269 [AsyncHttpClient-1-2] ResourceLeakDetectorFactory - Loaded default ResourceLeakDetector: io.netty.util.ResourceLeakDetector@752d027
[DEBUG] 2021-04-17 09:12:24.335 [AsyncHttpClient-1-2] Recycler - -Dio.netty.recycler.maxCapacityPerThread: 4096
[DEBUG] 2021-04-17 09:12:24.336 [AsyncHttpClient-1-2] Recycler - -Dio.netty.recycler.maxSharedCapacityFactor: 2
[DEBUG] 2021-04-17 09:12:24.336 [AsyncHttpClient-1-2] Recycler - -Dio.netty.recycler.linkCapacity: 16
[DEBUG] 2021-04-17 09:12:24.336 [AsyncHttpClient-1-2] Recycler - -Dio.netty.recycler.ratio: 8
[DEBUG] 2021-04-17 09:12:24.336 [AsyncHttpClient-1-2] Recycler - -Dio.netty.recycler.delayedQueue.ratio: 8
[DEBUG] 2021-04-17 09:12:26.190 [main] ThreadLocalRandom - -Dio.netty.initialSeedUniquifier: 0xfc2aa1f81ddfa887
[INFO ] 2021-04-17 09:12:30.270 [main] base - Browser is launched successfully
[INFO ] 2021-04-17 09:12:35.236 [main] class - User is logged in successfully
[TRACE] 2021-04-17 09:12:35.296 [AsyncHttpClient-1-4] WebSocket08FrameEncoder - Encoding WebSocket Frame opCode=8 length=26
[INFO ] 2021-04-17 09:12:36.363 [main] base - Before Method is started
[INFO ] 2021-04-17 09:12:36.363 [main] base - Executing on browser Chrome
[INFO ] 2021-04-17 09:12:41.966 [main] base - Browser is launched successfully
[INFO ] 2021-04-17 09:12:46.794 [main] class - User is logged in successfully
[INFO ] 2021-04-17 09:12:55.409 [main] JobTitles - Job Title is created successfully
[TRACE] 2021-04-17 09:12:55.629 [AsyncHttpClient-1-7] WebSocket08FrameEncoder - Encoding WebSocket Frame opCode=8 length=26
[DEBUG] 2021-04-17 09:12:58.974 [AsyncHttpClient-1-2] PoolThreadCache - Freed 20 thread-local buffer(s) from thread: AsyncHttpClient-1-2
[DEBUG] 2021-04-17 09:12:58.974 [AsyncHttpClient-1-3] PoolThreadCache - Freed 2 thread-local buffer(s) from thread: AsyncHttpClient-1-3
[DEBUG] 2021-04-17 09:12:58.975 [AsyncHttpClient-1-5] PoolThreadCache - Freed 31 thread-local buffer(s) from thread: AsyncHttpClient-1-5
[DEBUG] 2021-04-17 09:12:58.976 [AsyncHttpClient-1-4] PoolThreadCache - Freed 4 thread-local buffer(s) from thread: AsyncHttpClient-1-4
[DEBUG] 2021-04-17 09:12:58.977 [AsyncHttpClient-1-7] PoolThreadCache - Freed 4 thread-local buffer(s) from thread: AsyncHttpClient-1-7
[DEBUG] 2021-04-17 09:12:58.978 [AsyncHttpClient-1-6] PoolThreadCache - Freed 2 thread-local buffer(s) from thread: AsyncHttpClient-1-6
[INFO ] 2021-04-19 08:44:32.982 [main] base - Before Method is started
[INFO ] 2021-04-19 08:44:33.029 [main] base - Executing on browser Chrome
[DEBUG] 2021-04-19 08:44:33.600 [main] InternalLoggerFactory - Using Log4J2 as the default logging framework
[DEBUG] 2021-04-19 08:44:33.645 [main] ResourceLeakDetector - -Dio.netty.leakDetection.level: simple
[DEBUG] 2021-04-19 08:44:33.645 [main] ResourceLeakDetector - -Dio.netty.leakDetection.targetRecords: 4
[DEBUG] 2021-04-19 08:44:33.666 [main] ResourceLeakDetectorFactory - Loaded default ResourceLeakDetector: io.netty.util.ResourceLeakDetector@5167268
[DEBUG] 2021-04-19 08:44:33.725 [main] PlatformDependent - Platform: Windows
[DEBUG] 2021-04-19 08:44:33.729 [main] PlatformDependent0 - -Dio.netty.noUnsafe: false
[DEBUG] 2021-04-19 08:44:33.730 [main] PlatformDependent0 - Java version: 8
[DEBUG] 2021-04-19 08:44:33.733 [main] PlatformDependent0 - sun.misc.Unsafe.theUnsafe: available
[DEBUG] 2021-04-19 08:44:33.736 [main] PlatformDependent0 - sun.misc.Unsafe.copyMemory: available
[DEBUG] 2021-04-19 08:44:33.741 [main] PlatformDependent0 - java.nio.Buffer.address: available
[DEBUG] 2021-04-19 08:44:33.743 [main] PlatformDependent0 - direct buffer constructor: available
[DEBUG] 2021-04-19 08:44:33.745 [main] PlatformDependent0 - java.nio.Bits.unaligned: available, true
[DEBUG] 2021-04-19 08:44:33.746 [main] PlatformDependent0 - jdk.internal.misc.Unsafe.allocateUninitializedArray(int): unavailable prior to Java9
[DEBUG] 2021-04-19 08:44:33.747 [main] PlatformDependent0 - java.nio.DirectByteBuffer.<init>(long, int): available
[DEBUG] 2021-04-19 08:44:33.747 [main] PlatformDependent - sun.misc.Unsafe: available
[DEBUG] 2021-04-19 08:44:33.749 [main] PlatformDependent - -Dio.netty.tmpdir: C:\Users\lenovo\AppData\Local\Temp (java.io.tmpdir)
[DEBUG] 2021-04-19 08:44:33.749 [main] PlatformDependent - -Dio.netty.bitMode: 64 (sun.arch.data.model)
[DEBUG] 2021-04-19 08:44:33.752 [main] PlatformDependent - -Dio.netty.maxDirectMemory: 2787115008 bytes
[DEBUG] 2021-04-19 08:44:33.753 [main] PlatformDependent - -Dio.netty.uninitializedArrayAllocationThreshold: -1
[DEBUG] 2021-04-19 08:44:33.755 [main] CleanerJava6 - java.nio.ByteBuffer.cleaner(): available
[DEBUG] 2021-04-19 08:44:33.755 [main] PlatformDependent - -Dio.netty.noPreferDirect: false
[DEBUG] 2021-04-19 08:44:33.789 [main] PlatformDependent - org.jctools-core.MpscChunkedArrayQueue: available
[DEBUG] 2021-04-19 08:44:33.922 [main] InternalThreadLocalMap - -Dio.netty.threadLocalMap.stringBuilder.initialSize: 1024
[DEBUG] 2021-04-19 08:44:33.923 [main] InternalThreadLocalMap - -Dio.netty.threadLocalMap.stringBuilder.maxSize: 4096
[DEBUG] 2021-04-19 08:44:35.547 [main] JdkSslContext - Default protocols (JDK): [TLSv1.2, TLSv1.1, TLSv1] 
[DEBUG] 2021-04-19 08:44:35.547 [main] JdkSslContext - Default cipher suites (JDK): [TLS_ECDHE_ECDSA_WITH_AES_256_GCM_SHA384, TLS_ECDHE_ECDSA_WITH_AES_128_GCM_SHA256, TLS_ECDHE_RSA_WITH_AES_128_GCM_SHA256, TLS_ECDHE_RSA_WITH_AES_256_GCM_SHA384, TLS_ECDHE_RSA_WITH_AES_128_CBC_SHA, TLS_ECDHE_RSA_WITH_AES_256_CBC_SHA, TLS_RSA_WITH_AES_128_GCM_SHA256, TLS_RSA_WITH_AES_128_CBC_SHA, TLS_RSA_WITH_AES_256_CBC_SHA, TLS_AES_128_GCM_SHA256, TLS_AES_256_GCM_SHA384]
[DEBUG] 2021-04-19 08:44:35.621 [main] MultithreadEventLoopGroup - -Dio.netty.eventLoopThreads: 8
[DEBUG] 2021-04-19 08:44:35.649 [main] NioEventLoop - -Dio.netty.noKeySetOptimization: false
[DEBUG] 2021-04-19 08:44:35.649 [main] NioEventLoop - -Dio.netty.selectorAutoRebuildThreshold: 512
[TRACE] 2021-04-19 08:44:35.676 [main] NioEventLoop - instrumented a special java.util.Set into: sun.nio.ch.WindowsSelectorImpl@3c0fbd3a
[TRACE] 2021-04-19 08:44:35.677 [main] NioEventLoop - instrumented a special java.util.Set into: sun.nio.ch.WindowsSelectorImpl@2f7dcef2
[TRACE] 2021-04-19 08:44:35.678 [main] NioEventLoop - instrumented a special java.util.Set into: sun.nio.ch.WindowsSelectorImpl@4a3be6a5
[TRACE] 2021-04-19 08:44:35.679 [main] NioEventLoop - instrumented a special java.util.Set into: sun.nio.ch.WindowsSelectorImpl@7cf162bc
[TRACE] 2021-04-19 08:44:35.680 [main] NioEventLoop - instrumented a special java.util.Set into: sun.nio.ch.WindowsSelectorImpl@3721177d
[TRACE] 2021-04-19 08:44:35.681 [main] NioEventLoop - instrumented a special java.util.Set into: sun.nio.ch.WindowsSelectorImpl@766a4535
[TRACE] 2021-04-19 08:44:35.682 [main] NioEventLoop - instrumented a special java.util.Set into: sun.nio.ch.WindowsSelectorImpl@63718b93
[TRACE] 2021-04-19 08:44:35.684 [main] NioEventLoop - instrumented a special java.util.Set into: sun.nio.ch.WindowsSelectorImpl@14e2e1c3
[DEBUG] 2021-04-19 08:44:35.745 [main] PooledByteBufAllocator - -Dio.netty.allocator.numHeapArenas: 8
[DEBUG] 2021-04-19 08:44:35.746 [main] PooledByteBufAllocator - -Dio.netty.allocator.numDirectArenas: 8
[DEBUG] 2021-04-19 08:44:35.746 [main] PooledByteBufAllocator - -Dio.netty.allocator.pageSize: 8192
[DEBUG] 2021-04-19 08:44:35.746 [main] PooledByteBufAllocator - -Dio.netty.allocator.maxOrder: 11
[DEBUG] 2021-04-19 08:44:35.746 [main] PooledByteBufAllocator - -Dio.netty.allocator.chunkSize: 16777216
[DEBUG] 2021-04-19 08:44:35.746 [main] PooledByteBufAllocator - -Dio.netty.allocator.smallCacheSize: 256
[DEBUG] 2021-04-19 08:44:35.747 [main] PooledByteBufAllocator - -Dio.netty.allocator.normalCacheSize: 64
[DEBUG] 2021-04-19 08:44:35.749 [main] PooledByteBufAllocator - -Dio.netty.allocator.maxCachedBufferCapacity: 32768
[DEBUG] 2021-04-19 08:44:35.749 [main] PooledByteBufAllocator - -Dio.netty.allocator.cacheTrimInterval: 8192
[DEBUG] 2021-04-19 08:44:35.750 [main] PooledByteBufAllocator - -Dio.netty.allocator.cacheTrimIntervalMillis: 0
[DEBUG] 2021-04-19 08:44:35.750 [main] PooledByteBufAllocator - -Dio.netty.allocator.useCacheForAllThreads: true
[DEBUG] 2021-04-19 08:44:35.751 [main] PooledByteBufAllocator - -Dio.netty.allocator.maxCachedByteBuffersPerChunk: 1023
[DEBUG] 2021-04-19 08:44:35.794 [main] ByteBufUtil - -Dio.netty.allocator.type: pooled
[DEBUG] 2021-04-19 08:44:35.794 [main] ByteBufUtil - -Dio.netty.threadLocalDirectBufferSize: 0
[DEBUG] 2021-04-19 08:44:35.795 [main] ByteBufUtil - -Dio.netty.maxThreadLocalCharBufferSize: 16384
[DEBUG] 2021-04-19 08:44:38.031 [Forwarding newSession on session null to remote] DefaultChannelId - -Dio.netty.processId: 976 (auto-detected)
[DEBUG] 2021-04-19 08:44:38.036 [Forwarding newSession on session null to remote] NetUtil - -Djava.net.preferIPv4Stack: false
[DEBUG] 2021-04-19 08:44:38.037 [Forwarding newSession on session null to remote] NetUtil - -Djava.net.preferIPv6Addresses: false
[DEBUG] 2021-04-19 08:44:38.457 [Forwarding newSession on session null to remote] NetUtilInitializations - Loopback interface: lo (Software Loopback Interface 1, 127.0.0.1)
[DEBUG] 2021-04-19 08:44:38.460 [Forwarding newSession on session null to remote] NetUtil - Failed to get SOMAXCONN from sysctl and file \proc\sys\net\core\somaxconn. Default: 200
[DEBUG] 2021-04-19 08:44:38.906 [Forwarding newSession on session null to remote] DefaultChannelId - -Dio.netty.machineId: 00:50:56:ff:fe:c0:00:08 (auto-detected)
[DEBUG] 2021-04-19 08:44:39.100 [AsyncHttpClient-1-2] AbstractByteBuf - -Dio.netty.buffer.checkAccessible: true
[DEBUG] 2021-04-19 08:44:39.101 [AsyncHttpClient-1-2] AbstractByteBuf - -Dio.netty.buffer.checkBounds: true
[DEBUG] 2021-04-19 08:44:39.101 [AsyncHttpClient-1-2] ResourceLeakDetectorFactory - Loaded default ResourceLeakDetector: io.netty.util.ResourceLeakDetector@37449332
[DEBUG] 2021-04-19 08:44:39.177 [AsyncHttpClient-1-2] Recycler - -Dio.netty.recycler.maxCapacityPerThread: 4096
[DEBUG] 2021-04-19 08:44:39.178 [AsyncHttpClient-1-2] Recycler - -Dio.netty.recycler.maxSharedCapacityFactor: 2
[DEBUG] 2021-04-19 08:44:39.178 [AsyncHttpClient-1-2] Recycler - -Dio.netty.recycler.linkCapacity: 16
[DEBUG] 2021-04-19 08:44:39.178 [AsyncHttpClient-1-2] Recycler - -Dio.netty.recycler.ratio: 8
[DEBUG] 2021-04-19 08:44:39.179 [AsyncHttpClient-1-2] Recycler - -Dio.netty.recycler.delayedQueue.ratio: 8
[DEBUG] 2021-04-19 08:44:41.501 [main] ThreadLocalRandom - -Dio.netty.initialSeedUniquifier: 0xeab02c2f2bc4a043
[INFO ] 2021-04-19 08:44:45.418 [main] base - Browser is launched successfully
[INFO ] 2021-04-19 08:44:50.310 [main] class - User is logged in successfully
[INFO ] 2021-04-19 08:44:56.294 [main] JobTitles - Add Pay Grade Page is opened successfully
[INFO ] 2021-04-19 08:44:57.652 [main] JobTitles - Edit Pay Grade Page is opened successfully
[INFO ] 2021-04-19 08:44:57.804 [main] JobTitles - Add Currency Page is opened successfully
[INFO ] 2021-04-19 08:54:45.525 [main] base - Before Method is started
[INFO ] 2021-04-19 08:54:45.533 [main] base - Executing on browser Chrome
[DEBUG] 2021-04-19 08:54:45.789 [main] InternalLoggerFactory - Using Log4J2 as the default logging framework
[DEBUG] 2021-04-19 08:54:45.809 [main] ResourceLeakDetector - -Dio.netty.leakDetection.level: simple
[DEBUG] 2021-04-19 08:54:45.811 [main] ResourceLeakDetector - -Dio.netty.leakDetection.targetRecords: 4
[DEBUG] 2021-04-19 08:54:45.822 [main] ResourceLeakDetectorFactory - Loaded default ResourceLeakDetector: io.netty.util.ResourceLeakDetector@5167268
[DEBUG] 2021-04-19 08:54:45.863 [main] PlatformDependent - Platform: Windows
[DEBUG] 2021-04-19 08:54:45.869 [main] PlatformDependent0 - -Dio.netty.noUnsafe: false
[DEBUG] 2021-04-19 08:54:45.869 [main] PlatformDependent0 - Java version: 8
[DEBUG] 2021-04-19 08:54:45.874 [main] PlatformDependent0 - sun.misc.Unsafe.theUnsafe: available
[DEBUG] 2021-04-19 08:54:45.876 [main] PlatformDependent0 - sun.misc.Unsafe.copyMemory: available
[DEBUG] 2021-04-19 08:54:45.877 [main] PlatformDependent0 - java.nio.Buffer.address: available
[DEBUG] 2021-04-19 08:54:45.879 [main] PlatformDependent0 - direct buffer constructor: available
[DEBUG] 2021-04-19 08:54:45.880 [main] PlatformDependent0 - java.nio.Bits.unaligned: available, true
[DEBUG] 2021-04-19 08:54:45.880 [main] PlatformDependent0 - jdk.internal.misc.Unsafe.allocateUninitializedArray(int): unavailable prior to Java9
[DEBUG] 2021-04-19 08:54:45.881 [main] PlatformDependent0 - java.nio.DirectByteBuffer.<init>(long, int): available
[DEBUG] 2021-04-19 08:54:45.881 [main] PlatformDependent - sun.misc.Unsafe: available
[DEBUG] 2021-04-19 08:54:45.881 [main] PlatformDependent - -Dio.netty.tmpdir: C:\Users\lenovo\AppData\Local\Temp (java.io.tmpdir)
[DEBUG] 2021-04-19 08:54:45.882 [main] PlatformDependent - -Dio.netty.bitMode: 64 (sun.arch.data.model)
[DEBUG] 2021-04-19 08:54:45.886 [main] PlatformDependent - -Dio.netty.maxDirectMemory: 2787115008 bytes
[DEBUG] 2021-04-19 08:54:45.888 [main] PlatformDependent - -Dio.netty.uninitializedArrayAllocationThreshold: -1
[DEBUG] 2021-04-19 08:54:45.892 [main] CleanerJava6 - java.nio.ByteBuffer.cleaner(): available
[DEBUG] 2021-04-19 08:54:45.894 [main] PlatformDependent - -Dio.netty.noPreferDirect: false
[DEBUG] 2021-04-19 08:54:45.931 [main] PlatformDependent - org.jctools-core.MpscChunkedArrayQueue: available
[DEBUG] 2021-04-19 08:54:45.999 [main] InternalThreadLocalMap - -Dio.netty.threadLocalMap.stringBuilder.initialSize: 1024
[DEBUG] 2021-04-19 08:54:46.000 [main] InternalThreadLocalMap - -Dio.netty.threadLocalMap.stringBuilder.maxSize: 4096
[DEBUG] 2021-04-19 08:54:47.137 [main] JdkSslContext - Default protocols (JDK): [TLSv1.2, TLSv1.1, TLSv1] 
[DEBUG] 2021-04-19 08:54:47.137 [main] JdkSslContext - Default cipher suites (JDK): [TLS_ECDHE_ECDSA_WITH_AES_256_GCM_SHA384, TLS_ECDHE_ECDSA_WITH_AES_128_GCM_SHA256, TLS_ECDHE_RSA_WITH_AES_128_GCM_SHA256, TLS_ECDHE_RSA_WITH_AES_256_GCM_SHA384, TLS_ECDHE_RSA_WITH_AES_128_CBC_SHA, TLS_ECDHE_RSA_WITH_AES_256_CBC_SHA, TLS_RSA_WITH_AES_128_GCM_SHA256, TLS_RSA_WITH_AES_128_CBC_SHA, TLS_RSA_WITH_AES_256_CBC_SHA, TLS_AES_128_GCM_SHA256, TLS_AES_256_GCM_SHA384]
[DEBUG] 2021-04-19 08:54:47.217 [main] MultithreadEventLoopGroup - -Dio.netty.eventLoopThreads: 8
[DEBUG] 2021-04-19 08:54:47.241 [main] NioEventLoop - -Dio.netty.noKeySetOptimization: false
[DEBUG] 2021-04-19 08:54:47.242 [main] NioEventLoop - -Dio.netty.selectorAutoRebuildThreshold: 512
[TRACE] 2021-04-19 08:54:47.259 [main] NioEventLoop - instrumented a special java.util.Set into: sun.nio.ch.WindowsSelectorImpl@17b64941
[TRACE] 2021-04-19 08:54:47.260 [main] NioEventLoop - instrumented a special java.util.Set into: sun.nio.ch.WindowsSelectorImpl@344426bf
[TRACE] 2021-04-19 08:54:47.262 [main] NioEventLoop - instrumented a special java.util.Set into: sun.nio.ch.WindowsSelectorImpl@5411dd90
[TRACE] 2021-04-19 08:54:47.263 [main] NioEventLoop - instrumented a special java.util.Set into: sun.nio.ch.WindowsSelectorImpl@50194e8d
[TRACE] 2021-04-19 08:54:47.265 [main] NioEventLoop - instrumented a special java.util.Set into: sun.nio.ch.WindowsSelectorImpl@3cee53dc
[TRACE] 2021-04-19 08:54:47.266 [main] NioEventLoop - instrumented a special java.util.Set into: sun.nio.ch.WindowsSelectorImpl@290aeb20
[TRACE] 2021-04-19 08:54:47.272 [main] NioEventLoop - instrumented a special java.util.Set into: sun.nio.ch.WindowsSelectorImpl@73ad4ecc
[TRACE] 2021-04-19 08:54:47.276 [main] NioEventLoop - instrumented a special java.util.Set into: sun.nio.ch.WindowsSelectorImpl@69da0b12
[DEBUG] 2021-04-19 08:54:47.330 [main] PooledByteBufAllocator - -Dio.netty.allocator.numHeapArenas: 8
[DEBUG] 2021-04-19 08:54:47.331 [main] PooledByteBufAllocator - -Dio.netty.allocator.numDirectArenas: 8
[DEBUG] 2021-04-19 08:54:47.338 [main] PooledByteBufAllocator - -Dio.netty.allocator.pageSize: 8192
[DEBUG] 2021-04-19 08:54:47.339 [main] PooledByteBufAllocator - -Dio.netty.allocator.maxOrder: 11
[DEBUG] 2021-04-19 08:54:47.340 [main] PooledByteBufAllocator - -Dio.netty.allocator.chunkSize: 16777216
[DEBUG] 2021-04-19 08:54:47.345 [main] PooledByteBufAllocator - -Dio.netty.allocator.smallCacheSize: 256
[DEBUG] 2021-04-19 08:54:47.351 [main] PooledByteBufAllocator - -Dio.netty.allocator.normalCacheSize: 64
[DEBUG] 2021-04-19 08:54:47.354 [main] PooledByteBufAllocator - -Dio.netty.allocator.maxCachedBufferCapacity: 32768
[DEBUG] 2021-04-19 08:54:47.354 [main] PooledByteBufAllocator - -Dio.netty.allocator.cacheTrimInterval: 8192
[DEBUG] 2021-04-19 08:54:47.354 [main] PooledByteBufAllocator - -Dio.netty.allocator.cacheTrimIntervalMillis: 0
[DEBUG] 2021-04-19 08:54:47.355 [main] PooledByteBufAllocator - -Dio.netty.allocator.useCacheForAllThreads: true
[DEBUG] 2021-04-19 08:54:47.355 [main] PooledByteBufAllocator - -Dio.netty.allocator.maxCachedByteBuffersPerChunk: 1023
[DEBUG] 2021-04-19 08:54:47.379 [main] ByteBufUtil - -Dio.netty.allocator.type: pooled
[DEBUG] 2021-04-19 08:54:47.379 [main] ByteBufUtil - -Dio.netty.threadLocalDirectBufferSize: 0
[DEBUG] 2021-04-19 08:54:47.379 [main] ByteBufUtil - -Dio.netty.maxThreadLocalCharBufferSize: 16384
[DEBUG] 2021-04-19 08:54:48.665 [Forwarding newSession on session null to remote] DefaultChannelId - -Dio.netty.processId: 13064 (auto-detected)
[DEBUG] 2021-04-19 08:54:48.668 [Forwarding newSession on session null to remote] NetUtil - -Djava.net.preferIPv4Stack: false
[DEBUG] 2021-04-19 08:54:48.669 [Forwarding newSession on session null to remote] NetUtil - -Djava.net.preferIPv6Addresses: false
[DEBUG] 2021-04-19 08:54:49.119 [Forwarding newSession on session null to remote] NetUtilInitializations - Loopback interface: lo (Software Loopback Interface 1, 127.0.0.1)
[DEBUG] 2021-04-19 08:54:49.122 [Forwarding newSession on session null to remote] NetUtil - Failed to get SOMAXCONN from sysctl and file \proc\sys\net\core\somaxconn. Default: 200
[DEBUG] 2021-04-19 08:54:49.603 [Forwarding newSession on session null to remote] DefaultChannelId - -Dio.netty.machineId: 00:50:56:ff:fe:c0:00:08 (auto-detected)
[DEBUG] 2021-04-19 08:54:49.761 [AsyncHttpClient-1-2] AbstractByteBuf - -Dio.netty.buffer.checkAccessible: true
[DEBUG] 2021-04-19 08:54:49.775 [AsyncHttpClient-1-2] AbstractByteBuf - -Dio.netty.buffer.checkBounds: true
[DEBUG] 2021-04-19 08:54:49.775 [AsyncHttpClient-1-2] ResourceLeakDetectorFactory - Loaded default ResourceLeakDetector: io.netty.util.ResourceLeakDetector@337f175e
[DEBUG] 2021-04-19 08:54:49.865 [AsyncHttpClient-1-2] Recycler - -Dio.netty.recycler.maxCapacityPerThread: 4096
[DEBUG] 2021-04-19 08:54:49.866 [AsyncHttpClient-1-2] Recycler - -Dio.netty.recycler.maxSharedCapacityFactor: 2
[DEBUG] 2021-04-19 08:54:49.866 [AsyncHttpClient-1-2] Recycler - -Dio.netty.recycler.linkCapacity: 16
[DEBUG] 2021-04-19 08:54:49.866 [AsyncHttpClient-1-2] Recycler - -Dio.netty.recycler.ratio: 8
[DEBUG] 2021-04-19 08:54:49.866 [AsyncHttpClient-1-2] Recycler - -Dio.netty.recycler.delayedQueue.ratio: 8
[DEBUG] 2021-04-19 08:54:51.742 [main] ThreadLocalRandom - -Dio.netty.initialSeedUniquifier: 0x936def92c57dba8f
[INFO ] 2021-04-19 08:54:56.833 [main] base - Browser is launched successfully
[INFO ] 2021-04-19 08:55:01.767 [main] class - User is logged in successfully
[INFO ] 2021-04-19 08:55:07.508 [main] JobTitles - Add Pay Grade Page is opened successfully
[INFO ] 2021-04-19 08:55:26.228 [main] JobTitles - Edit Pay Grade Page is opened successfully
[INFO ] 2021-04-19 08:55:26.383 [main] JobTitles - Add Currency Page is opened successfully
[INFO ] 2021-04-19 09:01:24.500 [main] base - Before Method is started
[INFO ] 2021-04-19 09:01:24.508 [main] base - Executing on browser Chrome
[DEBUG] 2021-04-19 09:01:24.773 [main] InternalLoggerFactory - Using Log4J2 as the default logging framework
[DEBUG] 2021-04-19 09:01:24.786 [main] ResourceLeakDetector - -Dio.netty.leakDetection.level: simple
[DEBUG] 2021-04-19 09:01:24.787 [main] ResourceLeakDetector - -Dio.netty.leakDetection.targetRecords: 4
[DEBUG] 2021-04-19 09:01:24.805 [main] ResourceLeakDetectorFactory - Loaded default ResourceLeakDetector: io.netty.util.ResourceLeakDetector@5167268
[DEBUG] 2021-04-19 09:01:24.871 [main] PlatformDependent - Platform: Windows
[DEBUG] 2021-04-19 09:01:24.876 [main] PlatformDependent0 - -Dio.netty.noUnsafe: false
[DEBUG] 2021-04-19 09:01:24.877 [main] PlatformDependent0 - Java version: 8
[DEBUG] 2021-04-19 09:01:24.880 [main] PlatformDependent0 - sun.misc.Unsafe.theUnsafe: available
[DEBUG] 2021-04-19 09:01:24.881 [main] PlatformDependent0 - sun.misc.Unsafe.copyMemory: available
[DEBUG] 2021-04-19 09:01:24.882 [main] PlatformDependent0 - java.nio.Buffer.address: available
[DEBUG] 2021-04-19 09:01:24.883 [main] PlatformDependent0 - direct buffer constructor: available
[DEBUG] 2021-04-19 09:01:24.885 [main] PlatformDependent0 - java.nio.Bits.unaligned: available, true
[DEBUG] 2021-04-19 09:01:24.885 [main] PlatformDependent0 - jdk.internal.misc.Unsafe.allocateUninitializedArray(int): unavailable prior to Java9
[DEBUG] 2021-04-19 09:01:24.885 [main] PlatformDependent0 - java.nio.DirectByteBuffer.<init>(long, int): available
[DEBUG] 2021-04-19 09:01:24.885 [main] PlatformDependent - sun.misc.Unsafe: available
[DEBUG] 2021-04-19 09:01:24.886 [main] PlatformDependent - -Dio.netty.tmpdir: C:\Users\lenovo\AppData\Local\Temp (java.io.tmpdir)
[DEBUG] 2021-04-19 09:01:24.886 [main] PlatformDependent - -Dio.netty.bitMode: 64 (sun.arch.data.model)
[DEBUG] 2021-04-19 09:01:24.888 [main] PlatformDependent - -Dio.netty.maxDirectMemory: 2787115008 bytes
[DEBUG] 2021-04-19 09:01:24.888 [main] PlatformDependent - -Dio.netty.uninitializedArrayAllocationThreshold: -1
[DEBUG] 2021-04-19 09:01:24.890 [main] CleanerJava6 - java.nio.ByteBuffer.cleaner(): available
[DEBUG] 2021-04-19 09:01:24.890 [main] PlatformDependent - -Dio.netty.noPreferDirect: false
[DEBUG] 2021-04-19 09:01:24.921 [main] PlatformDependent - org.jctools-core.MpscChunkedArrayQueue: available
[DEBUG] 2021-04-19 09:01:24.985 [main] InternalThreadLocalMap - -Dio.netty.threadLocalMap.stringBuilder.initialSize: 1024
[DEBUG] 2021-04-19 09:01:24.986 [main] InternalThreadLocalMap - -Dio.netty.threadLocalMap.stringBuilder.maxSize: 4096
[DEBUG] 2021-04-19 09:01:26.179 [main] JdkSslContext - Default protocols (JDK): [TLSv1.2, TLSv1.1, TLSv1] 
[DEBUG] 2021-04-19 09:01:26.179 [main] JdkSslContext - Default cipher suites (JDK): [TLS_ECDHE_ECDSA_WITH_AES_256_GCM_SHA384, TLS_ECDHE_ECDSA_WITH_AES_128_GCM_SHA256, TLS_ECDHE_RSA_WITH_AES_128_GCM_SHA256, TLS_ECDHE_RSA_WITH_AES_256_GCM_SHA384, TLS_ECDHE_RSA_WITH_AES_128_CBC_SHA, TLS_ECDHE_RSA_WITH_AES_256_CBC_SHA, TLS_RSA_WITH_AES_128_GCM_SHA256, TLS_RSA_WITH_AES_128_CBC_SHA, TLS_RSA_WITH_AES_256_CBC_SHA, TLS_AES_128_GCM_SHA256, TLS_AES_256_GCM_SHA384]
[DEBUG] 2021-04-19 09:01:26.252 [main] MultithreadEventLoopGroup - -Dio.netty.eventLoopThreads: 8
[DEBUG] 2021-04-19 09:01:26.280 [main] NioEventLoop - -Dio.netty.noKeySetOptimization: false
[DEBUG] 2021-04-19 09:01:26.281 [main] NioEventLoop - -Dio.netty.selectorAutoRebuildThreshold: 512
[TRACE] 2021-04-19 09:01:26.299 [main] NioEventLoop - instrumented a special java.util.Set into: sun.nio.ch.WindowsSelectorImpl@26a4551a
[TRACE] 2021-04-19 09:01:26.301 [main] NioEventLoop - instrumented a special java.util.Set into: sun.nio.ch.WindowsSelectorImpl@3cee53dc
[TRACE] 2021-04-19 09:01:26.303 [main] NioEventLoop - instrumented a special java.util.Set into: sun.nio.ch.WindowsSelectorImpl@290aeb20
[TRACE] 2021-04-19 09:01:26.305 [main] NioEventLoop - instrumented a special java.util.Set into: sun.nio.ch.WindowsSelectorImpl@73ad4ecc
[TRACE] 2021-04-19 09:01:26.306 [main] NioEventLoop - instrumented a special java.util.Set into: sun.nio.ch.WindowsSelectorImpl@69da0b12
[TRACE] 2021-04-19 09:01:26.306 [main] NioEventLoop - instrumented a special java.util.Set into: sun.nio.ch.WindowsSelectorImpl@2764c546
[TRACE] 2021-04-19 09:01:26.307 [main] NioEventLoop - instrumented a special java.util.Set into: sun.nio.ch.WindowsSelectorImpl@59496961
[TRACE] 2021-04-19 09:01:26.309 [main] NioEventLoop - instrumented a special java.util.Set into: sun.nio.ch.WindowsSelectorImpl@408b87aa
[DEBUG] 2021-04-19 09:01:26.375 [main] PooledByteBufAllocator - -Dio.netty.allocator.numHeapArenas: 8
[DEBUG] 2021-04-19 09:01:26.376 [main] PooledByteBufAllocator - -Dio.netty.allocator.numDirectArenas: 8
[DEBUG] 2021-04-19 09:01:26.376 [main] PooledByteBufAllocator - -Dio.netty.allocator.pageSize: 8192
[DEBUG] 2021-04-19 09:01:26.376 [main] PooledByteBufAllocator - -Dio.netty.allocator.maxOrder: 11
[DEBUG] 2021-04-19 09:01:26.376 [main] PooledByteBufAllocator - -Dio.netty.allocator.chunkSize: 16777216
[DEBUG] 2021-04-19 09:01:26.377 [main] PooledByteBufAllocator - -Dio.netty.allocator.smallCacheSize: 256
[DEBUG] 2021-04-19 09:01:26.377 [main] PooledByteBufAllocator - -Dio.netty.allocator.normalCacheSize: 64
[DEBUG] 2021-04-19 09:01:26.377 [main] PooledByteBufAllocator - -Dio.netty.allocator.maxCachedBufferCapacity: 32768
[DEBUG] 2021-04-19 09:01:26.377 [main] PooledByteBufAllocator - -Dio.netty.allocator.cacheTrimInterval: 8192
[DEBUG] 2021-04-19 09:01:26.378 [main] PooledByteBufAllocator - -Dio.netty.allocator.cacheTrimIntervalMillis: 0
[DEBUG] 2021-04-19 09:01:26.378 [main] PooledByteBufAllocator - -Dio.netty.allocator.useCacheForAllThreads: true
[DEBUG] 2021-04-19 09:01:26.378 [main] PooledByteBufAllocator - -Dio.netty.allocator.maxCachedByteBuffersPerChunk: 1023
[DEBUG] 2021-04-19 09:01:26.412 [main] ByteBufUtil - -Dio.netty.allocator.type: pooled
[DEBUG] 2021-04-19 09:01:26.413 [main] ByteBufUtil - -Dio.netty.threadLocalDirectBufferSize: 0
[DEBUG] 2021-04-19 09:01:26.413 [main] ByteBufUtil - -Dio.netty.maxThreadLocalCharBufferSize: 16384
[DEBUG] 2021-04-19 09:01:27.737 [Forwarding newSession on session null to remote] DefaultChannelId - -Dio.netty.processId: 7644 (auto-detected)
[DEBUG] 2021-04-19 09:01:27.741 [Forwarding newSession on session null to remote] NetUtil - -Djava.net.preferIPv4Stack: false
[DEBUG] 2021-04-19 09:01:27.742 [Forwarding newSession on session null to remote] NetUtil - -Djava.net.preferIPv6Addresses: false
[DEBUG] 2021-04-19 09:01:28.165 [Forwarding newSession on session null to remote] NetUtilInitializations - Loopback interface: lo (Software Loopback Interface 1, 127.0.0.1)
[DEBUG] 2021-04-19 09:01:28.166 [Forwarding newSession on session null to remote] NetUtil - Failed to get SOMAXCONN from sysctl and file \proc\sys\net\core\somaxconn. Default: 200
[DEBUG] 2021-04-19 09:01:28.609 [Forwarding newSession on session null to remote] DefaultChannelId - -Dio.netty.machineId: 00:50:56:ff:fe:c0:00:08 (auto-detected)
[DEBUG] 2021-04-19 09:01:28.748 [AsyncHttpClient-1-2] AbstractByteBuf - -Dio.netty.buffer.checkAccessible: true
[DEBUG] 2021-04-19 09:01:28.748 [AsyncHttpClient-1-2] AbstractByteBuf - -Dio.netty.buffer.checkBounds: true
[DEBUG] 2021-04-19 09:01:28.749 [AsyncHttpClient-1-2] ResourceLeakDetectorFactory - Loaded default ResourceLeakDetector: io.netty.util.ResourceLeakDetector@4d168168
[DEBUG] 2021-04-19 09:01:28.820 [AsyncHttpClient-1-2] Recycler - -Dio.netty.recycler.maxCapacityPerThread: 4096
[DEBUG] 2021-04-19 09:01:28.821 [AsyncHttpClient-1-2] Recycler - -Dio.netty.recycler.maxSharedCapacityFactor: 2
[DEBUG] 2021-04-19 09:01:28.821 [AsyncHttpClient-1-2] Recycler - -Dio.netty.recycler.linkCapacity: 16
[DEBUG] 2021-04-19 09:01:28.821 [AsyncHttpClient-1-2] Recycler - -Dio.netty.recycler.ratio: 8
[DEBUG] 2021-04-19 09:01:28.821 [AsyncHttpClient-1-2] Recycler - -Dio.netty.recycler.delayedQueue.ratio: 8
[DEBUG] 2021-04-19 09:01:30.714 [main] ThreadLocalRandom - -Dio.netty.initialSeedUniquifier: 0xc3d601b48d0e12ad
[INFO ] 2021-04-19 09:01:35.560 [main] base - Browser is launched successfully
[INFO ] 2021-04-19 09:01:40.709 [main] class - User is logged in successfully
[INFO ] 2021-04-19 09:01:46.658 [main] JobTitles - Add Pay Grade Page is opened successfully
[INFO ] 2021-04-19 09:01:47.932 [main] JobTitles - Edit Pay Grade Page is opened successfully
[INFO ] 2021-04-19 09:01:48.073 [main] JobTitles - Add Currency Page is opened successfully
[TRACE] 2021-04-19 09:02:53.106 [AsyncHttpClient-1-4] WebSocket08FrameEncoder - Encoding WebSocket Frame opCode=8 length=26
[INFO ] 2021-04-19 09:26:17.126 [main] base - Before Method is started
[INFO ] 2021-04-19 09:26:17.133 [main] base - Executing on browser Chrome
[DEBUG] 2021-04-19 09:26:17.350 [main] InternalLoggerFactory - Using Log4J2 as the default logging framework
[DEBUG] 2021-04-19 09:26:17.365 [main] ResourceLeakDetector - -Dio.netty.leakDetection.level: simple
[DEBUG] 2021-04-19 09:26:17.365 [main] ResourceLeakDetector - -Dio.netty.leakDetection.targetRecords: 4
[DEBUG] 2021-04-19 09:26:17.373 [main] ResourceLeakDetectorFactory - Loaded default ResourceLeakDetector: io.netty.util.ResourceLeakDetector@5167268
[DEBUG] 2021-04-19 09:26:17.412 [main] PlatformDependent - Platform: Windows
[DEBUG] 2021-04-19 09:26:17.416 [main] PlatformDependent0 - -Dio.netty.noUnsafe: false
[DEBUG] 2021-04-19 09:26:17.416 [main] PlatformDependent0 - Java version: 8
[DEBUG] 2021-04-19 09:26:17.418 [main] PlatformDependent0 - sun.misc.Unsafe.theUnsafe: available
[DEBUG] 2021-04-19 09:26:17.419 [main] PlatformDependent0 - sun.misc.Unsafe.copyMemory: available
[DEBUG] 2021-04-19 09:26:17.420 [main] PlatformDependent0 - java.nio.Buffer.address: available
[DEBUG] 2021-04-19 09:26:17.423 [main] PlatformDependent0 - direct buffer constructor: available
[DEBUG] 2021-04-19 09:26:17.424 [main] PlatformDependent0 - java.nio.Bits.unaligned: available, true
[DEBUG] 2021-04-19 09:26:17.424 [main] PlatformDependent0 - jdk.internal.misc.Unsafe.allocateUninitializedArray(int): unavailable prior to Java9
[DEBUG] 2021-04-19 09:26:17.425 [main] PlatformDependent0 - java.nio.DirectByteBuffer.<init>(long, int): available
[DEBUG] 2021-04-19 09:26:17.426 [main] PlatformDependent - sun.misc.Unsafe: available
[DEBUG] 2021-04-19 09:26:17.426 [main] PlatformDependent - -Dio.netty.tmpdir: C:\Users\lenovo\AppData\Local\Temp (java.io.tmpdir)
[DEBUG] 2021-04-19 09:26:17.427 [main] PlatformDependent - -Dio.netty.bitMode: 64 (sun.arch.data.model)
[DEBUG] 2021-04-19 09:26:17.429 [main] PlatformDependent - -Dio.netty.maxDirectMemory: 2787115008 bytes
[DEBUG] 2021-04-19 09:26:17.429 [main] PlatformDependent - -Dio.netty.uninitializedArrayAllocationThreshold: -1
[DEBUG] 2021-04-19 09:26:17.434 [main] CleanerJava6 - java.nio.ByteBuffer.cleaner(): available
[DEBUG] 2021-04-19 09:26:17.434 [main] PlatformDependent - -Dio.netty.noPreferDirect: false
[DEBUG] 2021-04-19 09:26:17.452 [main] PlatformDependent - org.jctools-core.MpscChunkedArrayQueue: available
[DEBUG] 2021-04-19 09:26:17.533 [main] InternalThreadLocalMap - -Dio.netty.threadLocalMap.stringBuilder.initialSize: 1024
[DEBUG] 2021-04-19 09:26:17.534 [main] InternalThreadLocalMap - -Dio.netty.threadLocalMap.stringBuilder.maxSize: 4096
[DEBUG] 2021-04-19 09:26:18.505 [main] JdkSslContext - Default protocols (JDK): [TLSv1.2, TLSv1.1, TLSv1] 
[DEBUG] 2021-04-19 09:26:18.505 [main] JdkSslContext - Default cipher suites (JDK): [TLS_ECDHE_ECDSA_WITH_AES_256_GCM_SHA384, TLS_ECDHE_ECDSA_WITH_AES_128_GCM_SHA256, TLS_ECDHE_RSA_WITH_AES_128_GCM_SHA256, TLS_ECDHE_RSA_WITH_AES_256_GCM_SHA384, TLS_ECDHE_RSA_WITH_AES_128_CBC_SHA, TLS_ECDHE_RSA_WITH_AES_256_CBC_SHA, TLS_RSA_WITH_AES_128_GCM_SHA256, TLS_RSA_WITH_AES_128_CBC_SHA, TLS_RSA_WITH_AES_256_CBC_SHA, TLS_AES_128_GCM_SHA256, TLS_AES_256_GCM_SHA384]
[DEBUG] 2021-04-19 09:26:18.583 [main] MultithreadEventLoopGroup - -Dio.netty.eventLoopThreads: 8
[DEBUG] 2021-04-19 09:26:18.604 [main] NioEventLoop - -Dio.netty.noKeySetOptimization: false
[DEBUG] 2021-04-19 09:26:18.604 [main] NioEventLoop - -Dio.netty.selectorAutoRebuildThreshold: 512
[TRACE] 2021-04-19 09:26:18.622 [main] NioEventLoop - instrumented a special java.util.Set into: sun.nio.ch.WindowsSelectorImpl@6fd5717c
[TRACE] 2021-04-19 09:26:18.624 [main] NioEventLoop - instrumented a special java.util.Set into: sun.nio.ch.WindowsSelectorImpl@5136207f
[TRACE] 2021-04-19 09:26:18.625 [main] NioEventLoop - instrumented a special java.util.Set into: sun.nio.ch.WindowsSelectorImpl@26a4551a
[TRACE] 2021-04-19 09:26:18.625 [main] NioEventLoop - instrumented a special java.util.Set into: sun.nio.ch.WindowsSelectorImpl@3fdecce
[TRACE] 2021-04-19 09:26:18.626 [main] NioEventLoop - instrumented a special java.util.Set into: sun.nio.ch.WindowsSelectorImpl@344426bf
[TRACE] 2021-04-19 09:26:18.627 [main] NioEventLoop - instrumented a special java.util.Set into: sun.nio.ch.WindowsSelectorImpl@5411dd90
[TRACE] 2021-04-19 09:26:18.628 [main] NioEventLoop - instrumented a special java.util.Set into: sun.nio.ch.WindowsSelectorImpl@50194e8d
[TRACE] 2021-04-19 09:26:18.629 [main] NioEventLoop - instrumented a special java.util.Set into: sun.nio.ch.WindowsSelectorImpl@3cee53dc
[DEBUG] 2021-04-19 09:26:18.692 [main] PooledByteBufAllocator - -Dio.netty.allocator.numHeapArenas: 8
[DEBUG] 2021-04-19 09:26:18.693 [main] PooledByteBufAllocator - -Dio.netty.allocator.numDirectArenas: 8
[DEBUG] 2021-04-19 09:26:18.693 [main] PooledByteBufAllocator - -Dio.netty.allocator.pageSize: 8192
[DEBUG] 2021-04-19 09:26:18.693 [main] PooledByteBufAllocator - -Dio.netty.allocator.maxOrder: 11
[DEBUG] 2021-04-19 09:26:18.697 [main] PooledByteBufAllocator - -Dio.netty.allocator.chunkSize: 16777216
[DEBUG] 2021-04-19 09:26:18.697 [main] PooledByteBufAllocator - -Dio.netty.allocator.smallCacheSize: 256
[DEBUG] 2021-04-19 09:26:18.698 [main] PooledByteBufAllocator - -Dio.netty.allocator.normalCacheSize: 64
[DEBUG] 2021-04-19 09:26:18.698 [main] PooledByteBufAllocator - -Dio.netty.allocator.maxCachedBufferCapacity: 32768
[DEBUG] 2021-04-19 09:26:18.700 [main] PooledByteBufAllocator - -Dio.netty.allocator.cacheTrimInterval: 8192
[DEBUG] 2021-04-19 09:26:18.702 [main] PooledByteBufAllocator - -Dio.netty.allocator.cacheTrimIntervalMillis: 0
[DEBUG] 2021-04-19 09:26:18.706 [main] PooledByteBufAllocator - -Dio.netty.allocator.useCacheForAllThreads: true
[DEBUG] 2021-04-19 09:26:18.707 [main] PooledByteBufAllocator - -Dio.netty.allocator.maxCachedByteBuffersPerChunk: 1023
[DEBUG] 2021-04-19 09:26:18.739 [main] ByteBufUtil - -Dio.netty.allocator.type: pooled
[DEBUG] 2021-04-19 09:26:18.740 [main] ByteBufUtil - -Dio.netty.threadLocalDirectBufferSize: 0
[DEBUG] 2021-04-19 09:26:18.740 [main] ByteBufUtil - -Dio.netty.maxThreadLocalCharBufferSize: 16384
[DEBUG] 2021-04-19 09:26:19.899 [Forwarding newSession on session null to remote] DefaultChannelId - -Dio.netty.processId: 8032 (auto-detected)
[DEBUG] 2021-04-19 09:26:19.903 [Forwarding newSession on session null to remote] NetUtil - -Djava.net.preferIPv4Stack: false
[DEBUG] 2021-04-19 09:26:19.904 [Forwarding newSession on session null to remote] NetUtil - -Djava.net.preferIPv6Addresses: false
[DEBUG] 2021-04-19 09:26:20.287 [Forwarding newSession on session null to remote] NetUtilInitializations - Loopback interface: lo (Software Loopback Interface 1, 127.0.0.1)
[DEBUG] 2021-04-19 09:26:20.289 [Forwarding newSession on session null to remote] NetUtil - Failed to get SOMAXCONN from sysctl and file \proc\sys\net\core\somaxconn. Default: 200
[DEBUG] 2021-04-19 09:26:20.693 [Forwarding newSession on session null to remote] DefaultChannelId - -Dio.netty.machineId: 00:50:56:ff:fe:c0:00:08 (auto-detected)
[DEBUG] 2021-04-19 09:26:20.815 [AsyncHttpClient-1-2] AbstractByteBuf - -Dio.netty.buffer.checkAccessible: true
[DEBUG] 2021-04-19 09:26:20.816 [AsyncHttpClient-1-2] AbstractByteBuf - -Dio.netty.buffer.checkBounds: true
[DEBUG] 2021-04-19 09:26:20.816 [AsyncHttpClient-1-2] ResourceLeakDetectorFactory - Loaded default ResourceLeakDetector: io.netty.util.ResourceLeakDetector@4fa93dfd
[DEBUG] 2021-04-19 09:26:20.894 [AsyncHttpClient-1-2] Recycler - -Dio.netty.recycler.maxCapacityPerThread: 4096
[DEBUG] 2021-04-19 09:26:20.895 [AsyncHttpClient-1-2] Recycler - -Dio.netty.recycler.maxSharedCapacityFactor: 2
[DEBUG] 2021-04-19 09:26:20.896 [AsyncHttpClient-1-2] Recycler - -Dio.netty.recycler.linkCapacity: 16
[DEBUG] 2021-04-19 09:26:20.896 [AsyncHttpClient-1-2] Recycler - -Dio.netty.recycler.ratio: 8
[DEBUG] 2021-04-19 09:26:20.896 [AsyncHttpClient-1-2] Recycler - -Dio.netty.recycler.delayedQueue.ratio: 8
[DEBUG] 2021-04-19 09:26:22.557 [main] ThreadLocalRandom - -Dio.netty.initialSeedUniquifier: 0x6bbd9b3301f6c166
[INFO ] 2021-04-19 09:26:27.700 [main] base - Browser is launched successfully
[INFO ] 2021-04-19 09:26:33.061 [main] class - User is logged in successfully
[TRACE] 2021-04-19 09:27:13.737 [AsyncHttpClient-1-4] WebSocket08FrameEncoder - Encoding WebSocket Frame opCode=8 length=26
[DEBUG] 2021-04-19 09:27:16.743 [AsyncHttpClient-1-4] PoolThreadCache - Freed 4 thread-local buffer(s) from thread: AsyncHttpClient-1-4
[DEBUG] 2021-04-19 09:27:16.743 [AsyncHttpClient-1-2] PoolThreadCache - Freed 24 thread-local buffer(s) from thread: AsyncHttpClient-1-2
[DEBUG] 2021-04-19 09:27:16.743 [AsyncHttpClient-1-3] PoolThreadCache - Freed 2 thread-local buffer(s) from thread: AsyncHttpClient-1-3
[INFO ] 2021-04-19 09:37:30.679 [main] base - Before Method is started
[INFO ] 2021-04-19 09:37:30.684 [main] base - Executing on browser Chrome
[DEBUG] 2021-04-19 09:37:30.833 [main] InternalLoggerFactory - Using Log4J2 as the default logging framework
[DEBUG] 2021-04-19 09:37:30.847 [main] ResourceLeakDetector - -Dio.netty.leakDetection.level: simple
[DEBUG] 2021-04-19 09:37:30.848 [main] ResourceLeakDetector - -Dio.netty.leakDetection.targetRecords: 4
[DEBUG] 2021-04-19 09:37:30.859 [main] ResourceLeakDetectorFactory - Loaded default ResourceLeakDetector: io.netty.util.ResourceLeakDetector@48c76607
[DEBUG] 2021-04-19 09:37:30.904 [main] PlatformDependent - Platform: Windows
[DEBUG] 2021-04-19 09:37:30.909 [main] PlatformDependent0 - -Dio.netty.noUnsafe: false
[DEBUG] 2021-04-19 09:37:30.910 [main] PlatformDependent0 - Java version: 8
[DEBUG] 2021-04-19 09:37:30.913 [main] PlatformDependent0 - sun.misc.Unsafe.theUnsafe: available
[DEBUG] 2021-04-19 09:37:30.914 [main] PlatformDependent0 - sun.misc.Unsafe.copyMemory: available
[DEBUG] 2021-04-19 09:37:30.915 [main] PlatformDependent0 - java.nio.Buffer.address: available
[DEBUG] 2021-04-19 09:37:30.916 [main] PlatformDependent0 - direct buffer constructor: available
[DEBUG] 2021-04-19 09:37:30.917 [main] PlatformDependent0 - java.nio.Bits.unaligned: available, true
[DEBUG] 2021-04-19 09:37:30.918 [main] PlatformDependent0 - jdk.internal.misc.Unsafe.allocateUninitializedArray(int): unavailable prior to Java9
[DEBUG] 2021-04-19 09:37:30.918 [main] PlatformDependent0 - java.nio.DirectByteBuffer.<init>(long, int): available
[DEBUG] 2021-04-19 09:37:30.918 [main] PlatformDependent - sun.misc.Unsafe: available
[DEBUG] 2021-04-19 09:37:30.919 [main] PlatformDependent - -Dio.netty.tmpdir: C:\Users\lenovo\AppData\Local\Temp (java.io.tmpdir)
[DEBUG] 2021-04-19 09:37:30.920 [main] PlatformDependent - -Dio.netty.bitMode: 64 (sun.arch.data.model)
[DEBUG] 2021-04-19 09:37:30.925 [main] PlatformDependent - -Dio.netty.maxDirectMemory: 2787115008 bytes
[DEBUG] 2021-04-19 09:37:30.926 [main] PlatformDependent - -Dio.netty.uninitializedArrayAllocationThreshold: -1
[DEBUG] 2021-04-19 09:37:30.932 [main] CleanerJava6 - java.nio.ByteBuffer.cleaner(): available
[DEBUG] 2021-04-19 09:37:30.935 [main] PlatformDependent - -Dio.netty.noPreferDirect: false
[DEBUG] 2021-04-19 09:37:30.960 [main] PlatformDependent - org.jctools-core.MpscChunkedArrayQueue: available
[DEBUG] 2021-04-19 09:37:31.042 [main] InternalThreadLocalMap - -Dio.netty.threadLocalMap.stringBuilder.initialSize: 1024
[DEBUG] 2021-04-19 09:37:31.045 [main] InternalThreadLocalMap - -Dio.netty.threadLocalMap.stringBuilder.maxSize: 4096
[DEBUG] 2021-04-19 09:37:32.109 [main] JdkSslContext - Default protocols (JDK): [TLSv1.2, TLSv1.1, TLSv1] 
[DEBUG] 2021-04-19 09:37:32.110 [main] JdkSslContext - Default cipher suites (JDK): [TLS_ECDHE_ECDSA_WITH_AES_256_GCM_SHA384, TLS_ECDHE_ECDSA_WITH_AES_128_GCM_SHA256, TLS_ECDHE_RSA_WITH_AES_128_GCM_SHA256, TLS_ECDHE_RSA_WITH_AES_256_GCM_SHA384, TLS_ECDHE_RSA_WITH_AES_128_CBC_SHA, TLS_ECDHE_RSA_WITH_AES_256_CBC_SHA, TLS_RSA_WITH_AES_128_GCM_SHA256, TLS_RSA_WITH_AES_128_CBC_SHA, TLS_RSA_WITH_AES_256_CBC_SHA, TLS_AES_128_GCM_SHA256, TLS_AES_256_GCM_SHA384]
[DEBUG] 2021-04-19 09:37:32.193 [main] MultithreadEventLoopGroup - -Dio.netty.eventLoopThreads: 8
[DEBUG] 2021-04-19 09:37:32.212 [main] NioEventLoop - -Dio.netty.noKeySetOptimization: false
[DEBUG] 2021-04-19 09:37:32.212 [main] NioEventLoop - -Dio.netty.selectorAutoRebuildThreshold: 512
[TRACE] 2021-04-19 09:37:32.231 [main] NioEventLoop - instrumented a special java.util.Set into: sun.nio.ch.WindowsSelectorImpl@2101b44a
[TRACE] 2021-04-19 09:37:32.233 [main] NioEventLoop - instrumented a special java.util.Set into: sun.nio.ch.WindowsSelectorImpl@119020fb
[TRACE] 2021-04-19 09:37:32.234 [main] NioEventLoop - instrumented a special java.util.Set into: sun.nio.ch.WindowsSelectorImpl@3d9f6567
[TRACE] 2021-04-19 09:37:32.235 [main] NioEventLoop - instrumented a special java.util.Set into: sun.nio.ch.WindowsSelectorImpl@c055c54
[TRACE] 2021-04-19 09:37:32.236 [main] NioEventLoop - instrumented a special java.util.Set into: sun.nio.ch.WindowsSelectorImpl@25e2ab5a
[TRACE] 2021-04-19 09:37:32.237 [main] NioEventLoop - instrumented a special java.util.Set into: sun.nio.ch.WindowsSelectorImpl@35e5d0e5
[TRACE] 2021-04-19 09:37:32.238 [main] NioEventLoop - instrumented a special java.util.Set into: sun.nio.ch.WindowsSelectorImpl@73173f63
[TRACE] 2021-04-19 09:37:32.240 [main] NioEventLoop - instrumented a special java.util.Set into: sun.nio.ch.WindowsSelectorImpl@55562aa9
[DEBUG] 2021-04-19 09:37:32.298 [main] PooledByteBufAllocator - -Dio.netty.allocator.numHeapArenas: 8
[DEBUG] 2021-04-19 09:37:32.299 [main] PooledByteBufAllocator - -Dio.netty.allocator.numDirectArenas: 8
[DEBUG] 2021-04-19 09:37:32.299 [main] PooledByteBufAllocator - -Dio.netty.allocator.pageSize: 8192
[DEBUG] 2021-04-19 09:37:32.303 [main] PooledByteBufAllocator - -Dio.netty.allocator.maxOrder: 11
[DEBUG] 2021-04-19 09:37:32.304 [main] PooledByteBufAllocator - -Dio.netty.allocator.chunkSize: 16777216
[DEBUG] 2021-04-19 09:37:32.305 [main] PooledByteBufAllocator - -Dio.netty.allocator.smallCacheSize: 256
[DEBUG] 2021-04-19 09:37:32.306 [main] PooledByteBufAllocator - -Dio.netty.allocator.normalCacheSize: 64
[DEBUG] 2021-04-19 09:37:32.306 [main] PooledByteBufAllocator - -Dio.netty.allocator.maxCachedBufferCapacity: 32768
[DEBUG] 2021-04-19 09:37:32.306 [main] PooledByteBufAllocator - -Dio.netty.allocator.cacheTrimInterval: 8192
[DEBUG] 2021-04-19 09:37:32.307 [main] PooledByteBufAllocator - -Dio.netty.allocator.cacheTrimIntervalMillis: 0
[DEBUG] 2021-04-19 09:37:32.309 [main] PooledByteBufAllocator - -Dio.netty.allocator.useCacheForAllThreads: true
[DEBUG] 2021-04-19 09:37:32.310 [main] PooledByteBufAllocator - -Dio.netty.allocator.maxCachedByteBuffersPerChunk: 1023
[DEBUG] 2021-04-19 09:37:32.326 [main] ByteBufUtil - -Dio.netty.allocator.type: pooled
[DEBUG] 2021-04-19 09:37:32.326 [main] ByteBufUtil - -Dio.netty.threadLocalDirectBufferSize: 0
[DEBUG] 2021-04-19 09:37:32.326 [main] ByteBufUtil - -Dio.netty.maxThreadLocalCharBufferSize: 16384
[DEBUG] 2021-04-19 09:37:34.096 [Forwarding newSession on session null to remote] DefaultChannelId - -Dio.netty.processId: 15312 (auto-detected)
[DEBUG] 2021-04-19 09:37:34.099 [Forwarding newSession on session null to remote] NetUtil - -Djava.net.preferIPv4Stack: false
[DEBUG] 2021-04-19 09:37:34.099 [Forwarding newSession on session null to remote] NetUtil - -Djava.net.preferIPv6Addresses: false
[DEBUG] 2021-04-19 09:37:34.523 [Forwarding newSession on session null to remote] NetUtilInitializations - Loopback interface: lo (Software Loopback Interface 1, 127.0.0.1)
[DEBUG] 2021-04-19 09:37:34.525 [Forwarding newSession on session null to remote] NetUtil - Failed to get SOMAXCONN from sysctl and file \proc\sys\net\core\somaxconn. Default: 200
[DEBUG] 2021-04-19 09:37:34.943 [Forwarding newSession on session null to remote] DefaultChannelId - -Dio.netty.machineId: 00:50:56:ff:fe:c0:00:08 (auto-detected)
[DEBUG] 2021-04-19 09:37:35.067 [AsyncHttpClient-1-2] AbstractByteBuf - -Dio.netty.buffer.checkAccessible: true
[DEBUG] 2021-04-19 09:37:35.068 [AsyncHttpClient-1-2] AbstractByteBuf - -Dio.netty.buffer.checkBounds: true
[DEBUG] 2021-04-19 09:37:35.069 [AsyncHttpClient-1-2] ResourceLeakDetectorFactory - Loaded default ResourceLeakDetector: io.netty.util.ResourceLeakDetector@706402c8
[DEBUG] 2021-04-19 09:37:35.135 [AsyncHttpClient-1-2] Recycler - -Dio.netty.recycler.maxCapacityPerThread: 4096
[DEBUG] 2021-04-19 09:37:35.135 [AsyncHttpClient-1-2] Recycler - -Dio.netty.recycler.maxSharedCapacityFactor: 2
[DEBUG] 2021-04-19 09:37:35.135 [AsyncHttpClient-1-2] Recycler - -Dio.netty.recycler.linkCapacity: 16
[DEBUG] 2021-04-19 09:37:35.136 [AsyncHttpClient-1-2] Recycler - -Dio.netty.recycler.ratio: 8
[DEBUG] 2021-04-19 09:37:35.137 [AsyncHttpClient-1-2] Recycler - -Dio.netty.recycler.delayedQueue.ratio: 8
[DEBUG] 2021-04-19 09:37:36.870 [main] ThreadLocalRandom - -Dio.netty.initialSeedUniquifier: 0x2837f65d5e2e8d76
[INFO ] 2021-04-19 09:37:41.172 [main] base - Browser is launched successfully
[INFO ] 2021-04-19 09:37:45.645 [main] class - User is logged in successfully
[INFO ] 2021-04-19 09:37:53.763 [main] JobTitles - Emp is added successfully
[TRACE] 2021-04-19 09:37:55.967 [AsyncHttpClient-1-4] WebSocket08FrameEncoder - Encoding WebSocket Frame opCode=8 length=26
[DEBUG] 2021-04-19 09:37:58.644 [AsyncHttpClient-1-2] PoolThreadCache - Freed 32 thread-local buffer(s) from thread: AsyncHttpClient-1-2
[DEBUG] 2021-04-19 09:37:58.645 [AsyncHttpClient-1-3] PoolThreadCache - Freed 2 thread-local buffer(s) from thread: AsyncHttpClient-1-3
[DEBUG] 2021-04-19 09:37:58.645 [AsyncHttpClient-1-4] PoolThreadCache - Freed 4 thread-local buffer(s) from thread: AsyncHttpClient-1-4
[INFO ] 2021-08-20 20:26:34.318 [main] base - Before Method is started
[INFO ] 2021-08-20 20:26:34.323 [main] base - Executing on browser Chrome
[DEBUG] 2021-08-20 20:26:34.636 [main] InternalLoggerFactory - Using Log4J2 as the default logging framework
[DEBUG] 2021-08-20 20:26:34.679 [main] ResourceLeakDetector - -Dio.netty.leakDetection.level: simple
[DEBUG] 2021-08-20 20:26:34.679 [main] ResourceLeakDetector - -Dio.netty.leakDetection.targetRecords: 4
[DEBUG] 2021-08-20 20:26:34.689 [main] ResourceLeakDetectorFactory - Loaded default ResourceLeakDetector: io.netty.util.ResourceLeakDetector@48c76607
[DEBUG] 2021-08-20 20:26:34.740 [main] PlatformDependent - Platform: Windows
[DEBUG] 2021-08-20 20:26:34.746 [main] PlatformDependent0 - -Dio.netty.noUnsafe: false
[DEBUG] 2021-08-20 20:26:34.748 [main] PlatformDependent0 - Java version: 8
[DEBUG] 2021-08-20 20:26:34.752 [main] PlatformDependent0 - sun.misc.Unsafe.theUnsafe: available
[DEBUG] 2021-08-20 20:26:34.754 [main] PlatformDependent0 - sun.misc.Unsafe.copyMemory: available
[DEBUG] 2021-08-20 20:26:34.756 [main] PlatformDependent0 - java.nio.Buffer.address: available
[DEBUG] 2021-08-20 20:26:34.757 [main] PlatformDependent0 - direct buffer constructor: available
[DEBUG] 2021-08-20 20:26:34.759 [main] PlatformDependent0 - java.nio.Bits.unaligned: available, true
[DEBUG] 2021-08-20 20:26:34.760 [main] PlatformDependent0 - jdk.internal.misc.Unsafe.allocateUninitializedArray(int): unavailable prior to Java9
[DEBUG] 2021-08-20 20:26:34.760 [main] PlatformDependent0 - java.nio.DirectByteBuffer.<init>(long, int): available
[DEBUG] 2021-08-20 20:26:34.761 [main] PlatformDependent - sun.misc.Unsafe: available
[DEBUG] 2021-08-20 20:26:34.772 [main] PlatformDependent - -Dio.netty.tmpdir: C:\Users\lenovo\AppData\Local\Temp (java.io.tmpdir)
[DEBUG] 2021-08-20 20:26:34.773 [main] PlatformDependent - -Dio.netty.bitMode: 64 (sun.arch.data.model)
[DEBUG] 2021-08-20 20:26:34.776 [main] PlatformDependent - -Dio.netty.maxDirectMemory: 2787115008 bytes
[DEBUG] 2021-08-20 20:26:34.776 [main] PlatformDependent - -Dio.netty.uninitializedArrayAllocationThreshold: -1
[DEBUG] 2021-08-20 20:26:34.780 [main] CleanerJava6 - java.nio.ByteBuffer.cleaner(): available
[DEBUG] 2021-08-20 20:26:34.781 [main] PlatformDependent - -Dio.netty.noPreferDirect: false
[DEBUG] 2021-08-20 20:26:34.800 [main] PlatformDependent - org.jctools-core.MpscChunkedArrayQueue: available
[DEBUG] 2021-08-20 20:26:34.924 [main] InternalThreadLocalMap - -Dio.netty.threadLocalMap.stringBuilder.initialSize: 1024
[DEBUG] 2021-08-20 20:26:34.925 [main] InternalThreadLocalMap - -Dio.netty.threadLocalMap.stringBuilder.maxSize: 4096
[DEBUG] 2021-08-20 20:26:35.997 [main] JdkSslContext - Default protocols (JDK): [TLSv1.2, TLSv1.1, TLSv1] 
[DEBUG] 2021-08-20 20:26:35.997 [main] JdkSslContext - Default cipher suites (JDK): [TLS_ECDHE_ECDSA_WITH_AES_256_GCM_SHA384, TLS_ECDHE_ECDSA_WITH_AES_128_GCM_SHA256, TLS_ECDHE_RSA_WITH_AES_128_GCM_SHA256, TLS_ECDHE_RSA_WITH_AES_256_GCM_SHA384, TLS_ECDHE_RSA_WITH_AES_128_CBC_SHA, TLS_ECDHE_RSA_WITH_AES_256_CBC_SHA, TLS_RSA_WITH_AES_128_GCM_SHA256, TLS_RSA_WITH_AES_128_CBC_SHA, TLS_RSA_WITH_AES_256_CBC_SHA, TLS_AES_128_GCM_SHA256, TLS_AES_256_GCM_SHA384]
[DEBUG] 2021-08-20 20:26:36.074 [main] MultithreadEventLoopGroup - -Dio.netty.eventLoopThreads: 8
[DEBUG] 2021-08-20 20:26:36.091 [main] NioEventLoop - -Dio.netty.noKeySetOptimization: false
[DEBUG] 2021-08-20 20:26:36.091 [main] NioEventLoop - -Dio.netty.selectorAutoRebuildThreshold: 512
[TRACE] 2021-08-20 20:26:36.112 [main] NioEventLoop - instrumented a special java.util.Set into: sun.nio.ch.WindowsSelectorImpl@52d645b1
[TRACE] 2021-08-20 20:26:36.113 [main] NioEventLoop - instrumented a special java.util.Set into: sun.nio.ch.WindowsSelectorImpl@710b18a6
[TRACE] 2021-08-20 20:26:36.115 [main] NioEventLoop - instrumented a special java.util.Set into: sun.nio.ch.WindowsSelectorImpl@119020fb
[TRACE] 2021-08-20 20:26:36.115 [main] NioEventLoop - instrumented a special java.util.Set into: sun.nio.ch.WindowsSelectorImpl@3d9f6567
[TRACE] 2021-08-20 20:26:36.116 [main] NioEventLoop - instrumented a special java.util.Set into: sun.nio.ch.WindowsSelectorImpl@c055c54
[TRACE] 2021-08-20 20:26:36.118 [main] NioEventLoop - instrumented a special java.util.Set into: sun.nio.ch.WindowsSelectorImpl@25e2ab5a
[TRACE] 2021-08-20 20:26:36.119 [main] NioEventLoop - instrumented a special java.util.Set into: sun.nio.ch.WindowsSelectorImpl@35e5d0e5
[TRACE] 2021-08-20 20:26:36.120 [main] NioEventLoop - instrumented a special java.util.Set into: sun.nio.ch.WindowsSelectorImpl@73173f63
[DEBUG] 2021-08-20 20:26:36.177 [main] PooledByteBufAllocator - -Dio.netty.allocator.numHeapArenas: 8
[DEBUG] 2021-08-20 20:26:36.178 [main] PooledByteBufAllocator - -Dio.netty.allocator.numDirectArenas: 8
[DEBUG] 2021-08-20 20:26:36.178 [main] PooledByteBufAllocator - -Dio.netty.allocator.pageSize: 8192
[DEBUG] 2021-08-20 20:26:36.179 [main] PooledByteBufAllocator - -Dio.netty.allocator.maxOrder: 11
[DEBUG] 2021-08-20 20:26:36.179 [main] PooledByteBufAllocator - -Dio.netty.allocator.chunkSize: 16777216
[DEBUG] 2021-08-20 20:26:36.179 [main] PooledByteBufAllocator - -Dio.netty.allocator.smallCacheSize: 256
[DEBUG] 2021-08-20 20:26:36.180 [main] PooledByteBufAllocator - -Dio.netty.allocator.normalCacheSize: 64
[DEBUG] 2021-08-20 20:26:36.180 [main] PooledByteBufAllocator - -Dio.netty.allocator.maxCachedBufferCapacity: 32768
[DEBUG] 2021-08-20 20:26:36.181 [main] PooledByteBufAllocator - -Dio.netty.allocator.cacheTrimInterval: 8192
[DEBUG] 2021-08-20 20:26:36.181 [main] PooledByteBufAllocator - -Dio.netty.allocator.cacheTrimIntervalMillis: 0
[DEBUG] 2021-08-20 20:26:36.181 [main] PooledByteBufAllocator - -Dio.netty.allocator.useCacheForAllThreads: true
[DEBUG] 2021-08-20 20:26:36.182 [main] PooledByteBufAllocator - -Dio.netty.allocator.maxCachedByteBuffersPerChunk: 1023
[DEBUG] 2021-08-20 20:26:36.203 [main] ByteBufUtil - -Dio.netty.allocator.type: pooled
[DEBUG] 2021-08-20 20:26:36.204 [main] ByteBufUtil - -Dio.netty.threadLocalDirectBufferSize: 0
[DEBUG] 2021-08-20 20:26:36.204 [main] ByteBufUtil - -Dio.netty.maxThreadLocalCharBufferSize: 16384
[DEBUG] 2021-08-20 20:26:38.607 [Forwarding newSession on session null to remote] DefaultChannelId - -Dio.netty.processId: 6544 (auto-detected)
[DEBUG] 2021-08-20 20:26:38.611 [Forwarding newSession on session null to remote] NetUtil - -Djava.net.preferIPv4Stack: false
[DEBUG] 2021-08-20 20:26:38.611 [Forwarding newSession on session null to remote] NetUtil - -Djava.net.preferIPv6Addresses: false
[DEBUG] 2021-08-20 20:26:39.014 [Forwarding newSession on session null to remote] NetUtilInitializations - Loopback interface: lo (Software Loopback Interface 1, 127.0.0.1)
[DEBUG] 2021-08-20 20:26:39.016 [Forwarding newSession on session null to remote] NetUtil - Failed to get SOMAXCONN from sysctl and file \proc\sys\net\core\somaxconn. Default: 200
[DEBUG] 2021-08-20 20:26:39.443 [Forwarding newSession on session null to remote] DefaultChannelId - -Dio.netty.machineId: 18:1d:ea:ff:fe:61:82:3f (auto-detected)
[DEBUG] 2021-08-20 20:26:39.576 [AsyncHttpClient-1-2] AbstractByteBuf - -Dio.netty.buffer.checkAccessible: true
[DEBUG] 2021-08-20 20:26:39.577 [AsyncHttpClient-1-2] AbstractByteBuf - -Dio.netty.buffer.checkBounds: true
[DEBUG] 2021-08-20 20:26:39.578 [AsyncHttpClient-1-2] ResourceLeakDetectorFactory - Loaded default ResourceLeakDetector: io.netty.util.ResourceLeakDetector@b5ed2b5
[DEBUG] 2021-08-20 20:26:39.660 [AsyncHttpClient-1-2] Recycler - -Dio.netty.recycler.maxCapacityPerThread: 4096
[DEBUG] 2021-08-20 20:26:39.661 [AsyncHttpClient-1-2] Recycler - -Dio.netty.recycler.maxSharedCapacityFactor: 2
[DEBUG] 2021-08-20 20:26:39.661 [AsyncHttpClient-1-2] Recycler - -Dio.netty.recycler.linkCapacity: 16
[DEBUG] 2021-08-20 20:26:39.662 [AsyncHttpClient-1-2] Recycler - -Dio.netty.recycler.ratio: 8
[DEBUG] 2021-08-20 20:26:39.662 [AsyncHttpClient-1-2] Recycler - -Dio.netty.recycler.delayedQueue.ratio: 8
[DEBUG] 2021-08-20 20:26:45.112 [AsyncHttpClient-1-2] PoolThreadCache - Freed 4 thread-local buffer(s) from thread: AsyncHttpClient-1-2
[INFO ] 2021-08-20 20:28:37.622 [main] base - Before Method is started
[INFO ] 2021-08-20 20:28:37.630 [main] base - Executing on browser Chrome
[DEBUG] 2021-08-20 20:28:44.627 [main] InternalLoggerFactory - Using Log4J2 as the default logging framework
[DEBUG] 2021-08-20 20:28:44.635 [main] ResourceLeakDetector - -Dio.netty.leakDetection.level: simple
[DEBUG] 2021-08-20 20:28:44.636 [main] ResourceLeakDetector - -Dio.netty.leakDetection.targetRecords: 4
[DEBUG] 2021-08-20 20:28:44.642 [main] ResourceLeakDetectorFactory - Loaded default ResourceLeakDetector: io.netty.util.ResourceLeakDetector@302fec27
[DEBUG] 2021-08-20 20:28:44.673 [main] PlatformDependent - Platform: Windows
[DEBUG] 2021-08-20 20:28:44.676 [main] PlatformDependent0 - -Dio.netty.noUnsafe: false
[DEBUG] 2021-08-20 20:28:44.676 [main] PlatformDependent0 - Java version: 8
[DEBUG] 2021-08-20 20:28:44.678 [main] PlatformDependent0 - sun.misc.Unsafe.theUnsafe: available
[DEBUG] 2021-08-20 20:28:44.679 [main] PlatformDependent0 - sun.misc.Unsafe.copyMemory: available
[DEBUG] 2021-08-20 20:28:44.680 [main] PlatformDependent0 - java.nio.Buffer.address: available
[DEBUG] 2021-08-20 20:28:44.682 [main] PlatformDependent0 - direct buffer constructor: available
[DEBUG] 2021-08-20 20:28:44.683 [main] PlatformDependent0 - java.nio.Bits.unaligned: available, true
[DEBUG] 2021-08-20 20:28:44.683 [main] PlatformDependent0 - jdk.internal.misc.Unsafe.allocateUninitializedArray(int): unavailable prior to Java9
[DEBUG] 2021-08-20 20:28:44.683 [main] PlatformDependent0 - java.nio.DirectByteBuffer.<init>(long, int): available
[DEBUG] 2021-08-20 20:28:44.683 [main] PlatformDependent - sun.misc.Unsafe: available
[DEBUG] 2021-08-20 20:28:44.684 [main] PlatformDependent - -Dio.netty.tmpdir: C:\Users\lenovo\AppData\Local\Temp (java.io.tmpdir)
[DEBUG] 2021-08-20 20:28:44.684 [main] PlatformDependent - -Dio.netty.bitMode: 64 (sun.arch.data.model)
[DEBUG] 2021-08-20 20:28:44.685 [main] PlatformDependent - -Dio.netty.maxDirectMemory: 2787115008 bytes
[DEBUG] 2021-08-20 20:28:44.686 [main] PlatformDependent - -Dio.netty.uninitializedArrayAllocationThreshold: -1
[DEBUG] 2021-08-20 20:28:44.689 [main] CleanerJava6 - java.nio.ByteBuffer.cleaner(): available
[DEBUG] 2021-08-20 20:28:44.689 [main] PlatformDependent - -Dio.netty.noPreferDirect: false
[DEBUG] 2021-08-20 20:28:44.720 [main] PlatformDependent - org.jctools-core.MpscChunkedArrayQueue: available
[DEBUG] 2021-08-20 20:28:44.799 [main] InternalThreadLocalMap - -Dio.netty.threadLocalMap.stringBuilder.initialSize: 1024
[DEBUG] 2021-08-20 20:28:44.800 [main] InternalThreadLocalMap - -Dio.netty.threadLocalMap.stringBuilder.maxSize: 4096
[DEBUG] 2021-08-20 20:28:44.830 [main] JdkSslContext - Default protocols (JDK): [TLSv1.2, TLSv1.1, TLSv1] 
[DEBUG] 2021-08-20 20:28:44.831 [main] JdkSslContext - Default cipher suites (JDK): [TLS_ECDHE_ECDSA_WITH_AES_256_GCM_SHA384, TLS_ECDHE_ECDSA_WITH_AES_128_GCM_SHA256, TLS_ECDHE_RSA_WITH_AES_128_GCM_SHA256, TLS_ECDHE_RSA_WITH_AES_256_GCM_SHA384, TLS_ECDHE_RSA_WITH_AES_128_CBC_SHA, TLS_ECDHE_RSA_WITH_AES_256_CBC_SHA, TLS_RSA_WITH_AES_128_GCM_SHA256, TLS_RSA_WITH_AES_128_CBC_SHA, TLS_RSA_WITH_AES_256_CBC_SHA, TLS_AES_128_GCM_SHA256, TLS_AES_256_GCM_SHA384]
[DEBUG] 2021-08-20 20:28:44.925 [main] MultithreadEventLoopGroup - -Dio.netty.eventLoopThreads: 8
[DEBUG] 2021-08-20 20:28:44.977 [main] NioEventLoop - -Dio.netty.noKeySetOptimization: false
[DEBUG] 2021-08-20 20:28:44.977 [main] NioEventLoop - -Dio.netty.selectorAutoRebuildThreshold: 512
[TRACE] 2021-08-20 20:28:45.023 [main] NioEventLoop - instrumented a special java.util.Set into: sun.nio.ch.WindowsSelectorImpl@182b435b
[TRACE] 2021-08-20 20:28:45.028 [main] NioEventLoop - instrumented a special java.util.Set into: sun.nio.ch.WindowsSelectorImpl@7577b641
[TRACE] 2021-08-20 20:28:45.030 [main] NioEventLoop - instrumented a special java.util.Set into: sun.nio.ch.WindowsSelectorImpl@3704122f
[TRACE] 2021-08-20 20:28:45.032 [main] NioEventLoop - instrumented a special java.util.Set into: sun.nio.ch.WindowsSelectorImpl@3153ddfc
[TRACE] 2021-08-20 20:28:45.033 [main] NioEventLoop - instrumented a special java.util.Set into: sun.nio.ch.WindowsSelectorImpl@60afd40d
[TRACE] 2021-08-20 20:28:45.035 [main] NioEventLoop - instrumented a special java.util.Set into: sun.nio.ch.WindowsSelectorImpl@28a2a3e7
[TRACE] 2021-08-20 20:28:45.038 [main] NioEventLoop - instrumented a special java.util.Set into: sun.nio.ch.WindowsSelectorImpl@3f2049b6
[TRACE] 2021-08-20 20:28:45.041 [main] NioEventLoop - instrumented a special java.util.Set into: sun.nio.ch.WindowsSelectorImpl@10b3df93
[DEBUG] 2021-08-20 20:28:45.103 [main] PooledByteBufAllocator - -Dio.netty.allocator.numHeapArenas: 8
[DEBUG] 2021-08-20 20:28:45.104 [main] PooledByteBufAllocator - -Dio.netty.allocator.numDirectArenas: 8
[DEBUG] 2021-08-20 20:28:45.104 [main] PooledByteBufAllocator - -Dio.netty.allocator.pageSize: 8192
[DEBUG] 2021-08-20 20:28:45.105 [main] PooledByteBufAllocator - -Dio.netty.allocator.maxOrder: 11
[DEBUG] 2021-08-20 20:28:45.105 [main] PooledByteBufAllocator - -Dio.netty.allocator.chunkSize: 16777216
[DEBUG] 2021-08-20 20:28:45.106 [main] PooledByteBufAllocator - -Dio.netty.allocator.smallCacheSize: 256
[DEBUG] 2021-08-20 20:28:45.106 [main] PooledByteBufAllocator - -Dio.netty.allocator.normalCacheSize: 64
[DEBUG] 2021-08-20 20:28:45.107 [main] PooledByteBufAllocator - -Dio.netty.allocator.maxCachedBufferCapacity: 32768
[DEBUG] 2021-08-20 20:28:45.108 [main] PooledByteBufAllocator - -Dio.netty.allocator.cacheTrimInterval: 8192
[DEBUG] 2021-08-20 20:28:45.108 [main] PooledByteBufAllocator - -Dio.netty.allocator.cacheTrimIntervalMillis: 0
[DEBUG] 2021-08-20 20:28:45.108 [main] PooledByteBufAllocator - -Dio.netty.allocator.useCacheForAllThreads: true
[DEBUG] 2021-08-20 20:28:45.109 [main] PooledByteBufAllocator - -Dio.netty.allocator.maxCachedByteBuffersPerChunk: 1023
[DEBUG] 2021-08-20 20:28:45.137 [main] ByteBufUtil - -Dio.netty.allocator.type: pooled
[DEBUG] 2021-08-20 20:28:45.138 [main] ByteBufUtil - -Dio.netty.threadLocalDirectBufferSize: 0
[DEBUG] 2021-08-20 20:28:45.138 [main] ByteBufUtil - -Dio.netty.maxThreadLocalCharBufferSize: 16384
[DEBUG] 2021-08-20 20:28:48.126 [Forwarding newSession on session null to remote] DefaultChannelId - -Dio.netty.processId: 14248 (auto-detected)
[DEBUG] 2021-08-20 20:28:48.140 [Forwarding newSession on session null to remote] NetUtil - -Djava.net.preferIPv4Stack: false
[DEBUG] 2021-08-20 20:28:48.141 [Forwarding newSession on session null to remote] NetUtil - -Djava.net.preferIPv6Addresses: false
[DEBUG] 2021-08-20 20:28:48.986 [Forwarding newSession on session null to remote] NetUtilInitializations - Loopback interface: lo (Software Loopback Interface 1, 127.0.0.1)
[DEBUG] 2021-08-20 20:28:48.988 [Forwarding newSession on session null to remote] NetUtil - Failed to get SOMAXCONN from sysctl and file \proc\sys\net\core\somaxconn. Default: 200
[DEBUG] 2021-08-20 20:28:49.633 [Forwarding newSession on session null to remote] DefaultChannelId - -Dio.netty.machineId: 18:1d:ea:ff:fe:61:82:3f (auto-detected)
[DEBUG] 2021-08-20 20:28:49.735 [AsyncHttpClient-1-2] AbstractByteBuf - -Dio.netty.buffer.checkAccessible: true
[DEBUG] 2021-08-20 20:28:49.737 [AsyncHttpClient-1-2] AbstractByteBuf - -Dio.netty.buffer.checkBounds: true
[DEBUG] 2021-08-20 20:28:49.737 [AsyncHttpClient-1-2] ResourceLeakDetectorFactory - Loaded default ResourceLeakDetector: io.netty.util.ResourceLeakDetector@7d3a70c5
[DEBUG] 2021-08-20 20:28:49.796 [AsyncHttpClient-1-2] Recycler - -Dio.netty.recycler.maxCapacityPerThread: 4096
[DEBUG] 2021-08-20 20:28:49.798 [AsyncHttpClient-1-2] Recycler - -Dio.netty.recycler.maxSharedCapacityFactor: 2
[DEBUG] 2021-08-20 20:28:49.799 [AsyncHttpClient-1-2] Recycler - -Dio.netty.recycler.linkCapacity: 16
[DEBUG] 2021-08-20 20:28:49.800 [AsyncHttpClient-1-2] Recycler - -Dio.netty.recycler.ratio: 8
[DEBUG] 2021-08-20 20:28:49.800 [AsyncHttpClient-1-2] Recycler - -Dio.netty.recycler.delayedQueue.ratio: 8
[DEBUG] 2021-08-20 20:28:51.799 [main] ThreadLocalRandom - -Dio.netty.initialSeedUniquifier: 0x987a5cfd2d8a86e0
[INFO ] 2021-08-20 20:28:56.254 [main] base - Browser is launched successfully
[INFO ] 2021-08-20 20:29:01.170 [main] class - User is logged in successfully
[TRACE] 2021-08-20 20:29:01.432 [AsyncHttpClient-1-4] WebSocket08FrameEncoder - Encoding WebSocket Frame opCode=8 length=26
[DEBUG] 2021-08-20 20:29:03.983 [AsyncHttpClient-1-4] PoolThreadCache - Freed 4 thread-local buffer(s) from thread: AsyncHttpClient-1-4
[DEBUG] 2021-08-20 20:29:03.983 [AsyncHttpClient-1-3] PoolThreadCache - Freed 2 thread-local buffer(s) from thread: AsyncHttpClient-1-3
[DEBUG] 2021-08-20 20:29:03.985 [AsyncHttpClient-1-2] PoolThreadCache - Freed 23 thread-local buffer(s) from thread: AsyncHttpClient-1-2
